[
  {
    "line": 2,
    "elements": [
      {
        "start_timestamp": "2021-02-21T20:20:39.660Z",
        "line": 5,
        "name": "TC0101API Account verify",
        "description": "",
        "id": "api01-verify-account-and-customer-pairs-and-transaction;tc0101api-account-verify",
        "type": "scenario",
        "keyword": "Scenario",
        "steps": [
          {
            "result": {
              "duration": 5634000000,
              "status": "passed"
            },
            "line": 6,
            "name": "Use API1 endpoint \"http://parabank.parasoft.com/parabank/services/bank/accounts/13566\"",
            "match": {
              "arguments": [
                {
                  "val": "\"http://parabank.parasoft.com/parabank/services/bank/accounts/13566\"",
                  "offset": 18
                }
              ],
              "location": "stepdefinitions.API01Get.use_API_endpoint(java.lang.String)"
            },
            "keyword": "Given "
          },
          {
            "result": {
              "duration": 470000000,
              "status": "passed"
            },
            "line": 7,
            "name": "Get all the information of accounts of the customer",
            "match": {
              "location": "stepdefinitions.API01Get.get_all_the_information_of_accounts_of_the_customer()"
            },
            "keyword": "And "
          },
          {
            "result": {
              "duration": 100000000,
              "status": "passed"
            },
            "line": 8,
            "name": "Assert API1 the status code is 200",
            "match": {
              "arguments": [
                {
                  "val": "200",
                  "offset": 31
                }
              ],
              "location": "stepdefinitions.API01Get.assert_API1_the_status_code_is(java.lang.Integer)"
            },
            "keyword": "And "
          },
          {
            "result": {
              "duration": 1047000000,
              "status": "passed"
            },
            "line": 9,
            "name": "Assert customerId is \"12434\"",
            "match": {
              "arguments": [
                {
                  "val": "\"12434\"",
                  "offset": 21
                }
              ],
              "location": "stepdefinitions.API01Get.assert_customerId_is(java.lang.String)"
            },
            "keyword": "Then "
          }
        ],
        "tags": [
          {
            "name": "@API01"
          },
          {
            "name": "@SmokeTest"
          },
          {
            "name": "@TC0101API"
          }
        ]
      },
      {
        "start_timestamp": "2021-02-21T20:20:47.124Z",
        "line": 12,
        "name": "TC0102API Transaction verify",
        "description": "",
        "id": "api01-verify-account-and-customer-pairs-and-transaction;tc0102api-transaction-verify",
        "type": "scenario",
        "keyword": "Scenario",
        "steps": [
          {
            "result": {
              "duration": 1559000000,
              "status": "passed"
            },
            "line": 13,
            "name": "Use API2 endpoint \"http://parabank.parasoft.com/parabank/services/bank/accounts/13566/transactions\"",
            "match": {
              "arguments": [
                {
                  "val": "\"http://parabank.parasoft.com/parabank/services/bank/accounts/13566/transactions\"",
                  "offset": 18
                }
              ],
              "location": "stepdefinitions.API01Get.use_API2_endpoint(java.lang.String)"
            },
            "keyword": "Given "
          },
          {
            "result": {
              "duration": 24000000,
              "status": "passed"
            },
            "line": 14,
            "name": "Get all the transactions of the customer",
            "match": {
              "location": "stepdefinitions.API01Get.get_all_the_transactions_of_the_customer()"
            },
            "keyword": "And "
          },
          {
            "result": {
              "duration": 2000000,
              "status": "passed"
            },
            "line": 15,
            "name": "Assert API2 the status code is 200",
            "match": {
              "arguments": [
                {
                  "val": "200",
                  "offset": 31
                }
              ],
              "location": "stepdefinitions.API01Get.assert_API2_the_status_code_is(java.lang.Integer)"
            },
            "keyword": "And "
          },
          {
            "result": {
              "duration": 66000000,
              "status": "passed"
            },
            "line": 16,
            "name": "Verify the number of transaction as 3",
            "match": {
              "arguments": [
                {
                  "val": "3",
                  "offset": 36
                }
              ],
              "location": "stepdefinitions.API01Get.verify_the_number_of_transaction_as(java.lang.Integer)"
            },
            "keyword": "And "
          },
          {
            "result": {
              "duration": 89000000,
              "status": "passed"
            },
            "line": 17,
            "name": "verify the first id of transaction is 14476",
            "match": {
              "arguments": [
                {
                  "val": "14476",
                  "offset": 38
                }
              ],
              "location": "stepdefinitions.API01Get.verify_the_first_id_of_transaction_is(java.lang.Integer)"
            },
            "keyword": "And "
          },
          {
            "result": {
              "duration": 23000000,
              "status": "passed"
            },
            "line": 18,
            "name": "verify the amount of third transaction is \"500.0\"",
            "match": {
              "arguments": [
                {
                  "val": "\"500.0\"",
                  "offset": 42
                }
              ],
              "location": "stepdefinitions.API01Get.verify_the_amount_of_third_transaction_is(java.lang.String)"
            },
            "keyword": "Then "
          }
        ],
        "tags": [
          {
            "name": "@API01"
          },
          {
            "name": "@SmokeTest"
          },
          {
            "name": "@TC0102API"
          }
        ]
      }
    ],
    "name": "API01 Verify account and customer pairs and transaction",
    "description": "",
    "id": "api01-verify-account-and-customer-pairs-and-transaction",
    "keyword": "Feature",
    "uri": "file:src/test/resources/features/API01.feature",
    "tags": [
      {
        "name": "@API01",
        "type": "Tag",
        "location": {
          "line": 1,
          "column": 1
        }
      },
      {
        "name": "@SmokeTest",
        "type": "Tag",
        "location": {
          "line": 1,
          "column": 8
        }
      }
    ]
  },
  {
    "line": 2,
    "elements": [
      {
        "start_timestamp": "2021-02-21T20:20:48.904Z",
        "line": 5,
        "name": "TC_0101 User verifies login",
        "description": "",
        "id": "us-01-success-register-with-valid-and-invalid-credentials;tc-0101-user-verifies-login",
        "type": "scenario",
        "keyword": "Scenario",
        "steps": [
          {
            "result": {
              "duration": 10426000000,
              "status": "passed"
            },
            "line": 6,
            "name": "User enters the main page",
            "match": {
              "location": "stepdefinitions.US01Login.user_enters_the_main_page()"
            },
            "keyword": "Given "
          },
          {
            "result": {
              "duration": 221000000,
              "status": "passed"
            },
            "line": 7,
            "name": "User enters username and password",
            "match": {
              "location": "stepdefinitions.US01Login.user_enters_username_and_password()"
            },
            "keyword": "And "
          },
          {
            "result": {
              "duration": 2472000000,
              "status": "passed"
            },
            "line": 8,
            "name": "User clicks the log in button",
            "match": {
              "location": "stepdefinitions.US01Login.user_clicks_the_log_in_button()"
            },
            "keyword": "And "
          },
          {
            "result": {
              "duration": 135000000,
              "status": "passed"
            },
            "line": 9,
            "name": "User can see his name on the left side of the page",
            "match": {
              "location": "stepdefinitions.US01Login.user_can_see_his_name_on_the_left_side_of_the_page()"
            },
            "keyword": "And "
          },
          {
            "result": {
              "duration": 108000000,
              "status": "passed"
            },
            "line": 10,
            "name": "User is able to see accounts overview",
            "match": {
              "location": "stepdefinitions.US01Login.user_is_able_to_see_accounts_overview()"
            },
            "keyword": "And "
          },
          {
            "result": {
              "duration": 131000000,
              "status": "passed"
            },
            "line": 11,
            "name": "User is able to see total balance under the accounts",
            "match": {
              "location": "stepdefinitions.US01Login.user_is_able_to_see_total_balance_under_the_accounts()"
            },
            "keyword": "And "
          },
          {
            "result": {
              "duration": 3174000000,
              "status": "passed"
            },
            "line": 12,
            "name": "User clicks log out button",
            "match": {
              "location": "stepdefinitions.US01Login.user_clicks_log_out_button()"
            },
            "keyword": "Then "
          }
        ],
        "tags": [
          {
            "name": "@US_01"
          },
          {
            "name": "@SmokeTest"
          },
          {
            "name": "@TC_0101"
          }
        ]
      },
      {
        "start_timestamp": "2021-02-21T20:21:05.601Z",
        "line": 24,
        "name": "TC_0102 User enters invalid username and password",
        "description": "",
        "id": "us-01-success-register-with-valid-and-invalid-credentials;tc-0102-user-enters-invalid-username-and-password;tc-0102-invalid-username-and-password;2",
        "type": "scenario",
        "keyword": "Scenario Outline",
        "steps": [
          {
            "result": {
              "duration": 1993000000,
              "status": "passed"
            },
            "line": 17,
            "name": "User enters the main page",
            "match": {
              "location": "stepdefinitions.US01Login.user_enters_the_main_page()"
            },
            "keyword": "Given "
          },
          {
            "result": {
              "duration": 3145000000,
              "status": "passed"
            },
            "line": 18,
            "name": "User enters false username \"tonywgg\" and password \"kay4-rgj\"",
            "match": {
              "arguments": [
                {
                  "val": "\"tonywgg\"",
                  "offset": 27
                },
                {
                  "val": "\"kay4-rgj\"",
                  "offset": 50
                }
              ],
              "location": "stepdefinitions.US01Login.user_enters_false_and(java.lang.String,java.lang.String)"
            },
            "keyword": "And "
          },
          {
            "result": {
              "error_message": "org.openqa.selenium.NoSuchElementException: no such element: Unable to locate element: {\"method\":\"xpath\",\"selector\":\"//input[@value\u003d\u0027Log In\u0027]\"}\n  (Session info: chrome\u003d88.0.4324.182)\nFor documentation on this error, please visit: https://www.seleniumhq.org/exceptions/no_such_element.html\nBuild info: version: \u00273.141.59\u0027, revision: \u0027e82be7d358\u0027, time: \u00272018-11-14T08:17:03\u0027\nSystem info: host: \u0027SALTUK\u0027, ip: \u0027192.168.178.27\u0027, os.name: \u0027Windows 10\u0027, os.arch: \u0027amd64\u0027, os.version: \u002710.0\u0027, java.version: \u00271.8.0_241\u0027\nDriver info: org.openqa.selenium.chrome.ChromeDriver\nCapabilities {acceptInsecureCerts: false, browserName: chrome, browserVersion: 88.0.4324.182, chrome: {chromedriverVersion: 88.0.4324.96 (68dba2d8a0b14..., userDataDir: C:\\Users\\saltu\\AppData\\Loca...}, goog:chromeOptions: {debuggerAddress: localhost:61931}, javascriptEnabled: true, networkConnectionEnabled: false, pageLoadStrategy: normal, platform: WINDOWS, platformName: WINDOWS, proxy: Proxy(), setWindowRect: true, strictFileInteractability: false, timeouts: {implicit: 0, pageLoad: 300000, script: 30000}, unhandledPromptBehavior: dismiss and notify, webauthn:extension:largeBlob: true, webauthn:virtualAuthenticators: true}\nSession ID: c1b2862f6b88fbc6e6ed7ec4a105ca5e\n*** Element info: {Using\u003dxpath, value\u003d//input[@value\u003d\u0027Log In\u0027]}\r\n\tat sun.reflect.NativeConstructorAccessorImpl.newInstance0(Native Method)\r\n\tat sun.reflect.NativeConstructorAccessorImpl.newInstance(NativeConstructorAccessorImpl.java:62)\r\n\tat sun.reflect.DelegatingConstructorAccessorImpl.newInstance(DelegatingConstructorAccessorImpl.java:45)\r\n\tat java.lang.reflect.Constructor.newInstance(Constructor.java:423)\r\n\tat org.openqa.selenium.remote.http.W3CHttpResponseCodec.createException(W3CHttpResponseCodec.java:187)\r\n\tat org.openqa.selenium.remote.http.W3CHttpResponseCodec.decode(W3CHttpResponseCodec.java:122)\r\n\tat org.openqa.selenium.remote.http.W3CHttpResponseCodec.decode(W3CHttpResponseCodec.java:49)\r\n\tat org.openqa.selenium.remote.HttpCommandExecutor.execute(HttpCommandExecutor.java:158)\r\n\tat org.openqa.selenium.remote.service.DriverCommandExecutor.execute(DriverCommandExecutor.java:83)\r\n\tat org.openqa.selenium.remote.RemoteWebDriver.execute(RemoteWebDriver.java:552)\r\n\tat org.openqa.selenium.remote.RemoteWebDriver.findElement(RemoteWebDriver.java:323)\r\n\tat org.openqa.selenium.remote.RemoteWebDriver.findElementByXPath(RemoteWebDriver.java:428)\r\n\tat org.openqa.selenium.By$ByXPath.findElement(By.java:353)\r\n\tat org.openqa.selenium.remote.RemoteWebDriver.findElement(RemoteWebDriver.java:315)\r\n\tat org.openqa.selenium.support.pagefactory.DefaultElementLocator.findElement(DefaultElementLocator.java:69)\r\n\tat org.openqa.selenium.support.pagefactory.internal.LocatingElementHandler.invoke(LocatingElementHandler.java:38)\r\n\tat com.sun.proxy.$Proxy20.click(Unknown Source)\r\n\tat stepdefinitions.US01Login.user_clicks_the_log_in_button(US01Login.java:33)\r\n\tat ✽.User clicks the log in button(file:///C:/Users/saltu/Documents/SBA/src/test/resources/features/US01Login.feature:19)\r\n",
              "duration": 11115000000,
              "status": "failed"
            },
            "line": 19,
            "name": "User clicks the log in button",
            "match": {
              "location": "stepdefinitions.US01Login.user_clicks_the_log_in_button()"
            },
            "keyword": "And "
          },
          {
            "result": {
              "duration": 1000000,
              "status": "skipped"
            },
            "line": 20,
            "name": "User can not log in and verifies the Error message is displayed",
            "match": {
              "location": "stepdefinitions.US01Login.user_can_not_log_in_and_verifies_the_Error_message_is_displayed()"
            },
            "keyword": "Then "
          }
        ],
        "tags": [
          {
            "name": "@US_01"
          },
          {
            "name": "@SmokeTest"
          },
          {
            "name": "@TC_0102"
          }
        ]
      },
      {
        "start_timestamp": "2021-02-21T20:21:21.908Z",
        "line": 25,
        "name": "TC_0102 User enters invalid username and password",
        "description": "",
        "id": "us-01-success-register-with-valid-and-invalid-credentials;tc-0102-user-enters-invalid-username-and-password;tc-0102-invalid-username-and-password;3",
        "type": "scenario",
        "keyword": "Scenario Outline",
        "steps": [
          {
            "result": {
              "duration": 3234000000,
              "status": "passed"
            },
            "line": 17,
            "name": "User enters the main page",
            "match": {
              "location": "stepdefinitions.US01Login.user_enters_the_main_page()"
            },
            "keyword": "Given "
          },
          {
            "result": {
              "duration": 3515000000,
              "status": "passed"
            },
            "line": 18,
            "name": "User enters false username \"boby5gg\" and password \"21iopgd-5\"",
            "match": {
              "arguments": [
                {
                  "val": "\"boby5gg\"",
                  "offset": 27
                },
                {
                  "val": "\"21iopgd-5\"",
                  "offset": 50
                }
              ],
              "location": "stepdefinitions.US01Login.user_enters_false_and(java.lang.String,java.lang.String)"
            },
            "keyword": "And "
          },
          {
            "result": {
              "error_message": "org.openqa.selenium.NoSuchElementException: Cannot locate an element using xpath\u003d//input[@value\u003d\u0027Log In\u0027]\nFor documentation on this error, please visit: https://www.seleniumhq.org/exceptions/no_such_element.html\nBuild info: version: \u00273.141.59\u0027, revision: \u0027e82be7d358\u0027, time: \u00272018-11-14T08:17:03\u0027\nSystem info: host: \u0027SALTUK\u0027, ip: \u0027192.168.178.27\u0027, os.name: \u0027Windows 10\u0027, os.arch: \u0027amd64\u0027, os.version: \u002710.0\u0027, java.version: \u00271.8.0_241\u0027\nDriver info: driver.version: RemoteWebDriver\r\n\tat org.openqa.selenium.remote.RemoteWebDriver.findElement(RemoteWebDriver.java:327)\r\n\tat org.openqa.selenium.remote.RemoteWebDriver.findElementByXPath(RemoteWebDriver.java:428)\r\n\tat org.openqa.selenium.By$ByXPath.findElement(By.java:353)\r\n\tat org.openqa.selenium.remote.RemoteWebDriver.findElement(RemoteWebDriver.java:315)\r\n\tat org.openqa.selenium.support.pagefactory.DefaultElementLocator.findElement(DefaultElementLocator.java:69)\r\n\tat org.openqa.selenium.support.pagefactory.internal.LocatingElementHandler.invoke(LocatingElementHandler.java:38)\r\n\tat com.sun.proxy.$Proxy20.click(Unknown Source)\r\n\tat stepdefinitions.US01Login.user_clicks_the_log_in_button(US01Login.java:33)\r\n\tat ✽.User clicks the log in button(file:///C:/Users/saltu/Documents/SBA/src/test/resources/features/US01Login.feature:19)\r\n",
              "duration": 2385000000,
              "status": "failed"
            },
            "line": 19,
            "name": "User clicks the log in button",
            "match": {
              "location": "stepdefinitions.US01Login.user_clicks_the_log_in_button()"
            },
            "keyword": "And "
          },
          {
            "result": {
              "duration": 2000000,
              "status": "skipped"
            },
            "line": 20,
            "name": "User can not log in and verifies the Error message is displayed",
            "match": {
              "location": "stepdefinitions.US01Login.user_can_not_log_in_and_verifies_the_Error_message_is_displayed()"
            },
            "keyword": "Then "
          }
        ],
        "tags": [
          {
            "name": "@US_01"
          },
          {
            "name": "@SmokeTest"
          },
          {
            "name": "@TC_0102"
          }
        ]
      },
      {
        "start_timestamp": "2021-02-21T20:21:31.095Z",
        "line": 26,
        "name": "TC_0102 User enters invalid username and password",
        "description": "",
        "id": "us-01-success-register-with-valid-and-invalid-credentials;tc-0102-user-enters-invalid-username-and-password;tc-0102-invalid-username-and-password;4",
        "type": "scenario",
        "keyword": "Scenario Outline",
        "steps": [
          {
            "result": {
              "error_message": "io.cucumber.core.exception.CucumberException: Failed to instantiate class stepdefinitions.US01Login\r\n\tat io.cucumber.core.runtime.ObjectFactoryServiceLoader$DefaultJavaObjectFactory.cacheNewInstance(ObjectFactoryServiceLoader.java:135)\r\n\tat io.cucumber.core.runtime.ObjectFactoryServiceLoader$DefaultJavaObjectFactory.getInstance(ObjectFactoryServiceLoader.java:121)\r\n\tat io.cucumber.java.JavaStepDefinition.execute(JavaStepDefinition.java:27)\r\n\tat io.cucumber.core.runner.PickleStepDefinitionMatch.runStep(PickleStepDefinitionMatch.java:63)\r\n\tat io.cucumber.core.runner.TestStep.executeStep(TestStep.java:64)\r\n\tat io.cucumber.core.runner.TestStep.run(TestStep.java:49)\r\n\tat io.cucumber.core.runner.PickleStepTestStep.run(PickleStepTestStep.java:46)\r\n\tat io.cucumber.core.runner.TestCase.run(TestCase.java:51)\r\n\tat io.cucumber.core.runner.Runner.runPickle(Runner.java:67)\r\n\tat io.cucumber.junit.PickleRunners$NoStepDescriptions.run(PickleRunners.java:149)\r\n\tat io.cucumber.junit.FeatureRunner.runChild(FeatureRunner.java:83)\r\n\tat io.cucumber.junit.FeatureRunner.runChild(FeatureRunner.java:24)\r\n\tat org.junit.runners.ParentRunner$4.run(ParentRunner.java:331)\r\n\tat org.junit.runners.ParentRunner$1.schedule(ParentRunner.java:79)\r\n\tat org.junit.runners.ParentRunner.runChildren(ParentRunner.java:329)\r\n\tat org.junit.runners.ParentRunner.access$100(ParentRunner.java:66)\r\n\tat org.junit.runners.ParentRunner$2.evaluate(ParentRunner.java:293)\r\n\tat org.junit.runners.ParentRunner$3.evaluate(ParentRunner.java:306)\r\n\tat org.junit.runners.ParentRunner.run(ParentRunner.java:413)\r\n\tat io.cucumber.junit.Cucumber.runChild(Cucumber.java:185)\r\n\tat io.cucumber.junit.Cucumber.runChild(Cucumber.java:83)\r\n\tat org.junit.runners.ParentRunner$4.run(ParentRunner.java:331)\r\n\tat org.junit.runners.ParentRunner$1.schedule(ParentRunner.java:79)\r\n\tat org.junit.runners.ParentRunner.runChildren(ParentRunner.java:329)\r\n\tat org.junit.runners.ParentRunner.access$100(ParentRunner.java:66)\r\n\tat org.junit.runners.ParentRunner$2.evaluate(ParentRunner.java:293)\r\n\tat io.cucumber.junit.Cucumber$RunCucumber.evaluate(Cucumber.java:219)\r\n\tat org.junit.runners.ParentRunner$3.evaluate(ParentRunner.java:306)\r\n\tat org.junit.runners.ParentRunner.run(ParentRunner.java:413)\r\n\tat org.junit.runner.JUnitCore.run(JUnitCore.java:137)\r\n\tat com.intellij.junit4.JUnit4IdeaTestRunner.startRunnerWithArgs(JUnit4IdeaTestRunner.java:68)\r\n\tat com.intellij.rt.junit.IdeaTestRunner$Repeater.startRunnerWithArgs(IdeaTestRunner.java:33)\r\n\tat com.intellij.rt.junit.JUnitStarter.prepareStreamsAndStart(JUnitStarter.java:230)\r\n\tat com.intellij.rt.junit.JUnitStarter.main(JUnitStarter.java:58)\r\nCaused by: java.lang.reflect.InvocationTargetException\r\n\tat sun.reflect.NativeConstructorAccessorImpl.newInstance0(Native Method)\r\n\tat sun.reflect.NativeConstructorAccessorImpl.newInstance(NativeConstructorAccessorImpl.java:62)\r\n\tat sun.reflect.DelegatingConstructorAccessorImpl.newInstance(DelegatingConstructorAccessorImpl.java:45)\r\n\tat java.lang.reflect.Constructor.newInstance(Constructor.java:423)\r\n\tat io.cucumber.core.runtime.ObjectFactoryServiceLoader$DefaultJavaObjectFactory.cacheNewInstance(ObjectFactoryServiceLoader.java:129)\r\n\t... 33 more\r\nCaused by: org.openqa.selenium.NoSuchWindowException: no such window: target window already closed\nfrom unknown error: web view not found\n  (Session info: chrome\u003d88.0.4324.182)\nBuild info: version: \u00273.141.59\u0027, revision: \u0027e82be7d358\u0027, time: \u00272018-11-14T08:17:03\u0027\nSystem info: host: \u0027SALTUK\u0027, ip: \u0027192.168.178.27\u0027, os.name: \u0027Windows 10\u0027, os.arch: \u0027amd64\u0027, os.version: \u002710.0\u0027, java.version: \u00271.8.0_241\u0027\nDriver info: org.openqa.selenium.chrome.ChromeDriver\nCapabilities {acceptInsecureCerts: false, browserName: chrome, browserVersion: 88.0.4324.182, chrome: {chromedriverVersion: 88.0.4324.96 (68dba2d8a0b14..., userDataDir: C:\\Users\\saltu\\AppData\\Loca...}, goog:chromeOptions: {debuggerAddress: localhost:61931}, javascriptEnabled: true, networkConnectionEnabled: false, pageLoadStrategy: normal, platform: WINDOWS, platformName: WINDOWS, proxy: Proxy(), setWindowRect: true, strictFileInteractability: false, timeouts: {implicit: 0, pageLoad: 300000, script: 30000}, unhandledPromptBehavior: dismiss and notify, webauthn:extension:largeBlob: true, webauthn:virtualAuthenticators: true}\nSession ID: c1b2862f6b88fbc6e6ed7ec4a105ca5e\r\n\tat sun.reflect.NativeConstructorAccessorImpl.newInstance0(Native Method)\r\n\tat sun.reflect.NativeConstructorAccessorImpl.newInstance(NativeConstructorAccessorImpl.java:62)\r\n\tat sun.reflect.DelegatingConstructorAccessorImpl.newInstance(DelegatingConstructorAccessorImpl.java:45)\r\n\tat java.lang.reflect.Constructor.newInstance(Constructor.java:423)\r\n\tat org.openqa.selenium.remote.http.W3CHttpResponseCodec.createException(W3CHttpResponseCodec.java:187)\r\n\tat org.openqa.selenium.remote.http.W3CHttpResponseCodec.decode(W3CHttpResponseCodec.java:122)\r\n\tat org.openqa.selenium.remote.http.W3CHttpResponseCodec.decode(W3CHttpResponseCodec.java:49)\r\n\tat org.openqa.selenium.remote.HttpCommandExecutor.execute(HttpCommandExecutor.java:158)\r\n\tat org.openqa.selenium.remote.service.DriverCommandExecutor.execute(DriverCommandExecutor.java:83)\r\n\tat org.openqa.selenium.remote.RemoteWebDriver.execute(RemoteWebDriver.java:552)\r\n\tat org.openqa.selenium.remote.RemoteWebDriver.execute(RemoteWebDriver.java:609)\r\n\tat org.openqa.selenium.remote.RemoteWebDriver$RemoteWebDriverOptions$RemoteWindow.maximize(RemoteWebDriver.java:837)\r\n\tat utilities.Driver.getDriver(Driver.java:54)\r\n\tat pages.ParaBankPage01.\u003cinit\u003e(ParaBankPage01.java:11)\r\n\tat stepdefinitions.US01Login.\u003cinit\u003e(US01Login.java:14)\r\n\t... 38 more\r\n",
              "duration": 95000000,
              "status": "failed"
            },
            "line": 17,
            "name": "User enters the main page",
            "match": {
              "location": "stepdefinitions.US01Login.user_enters_the_main_page()"
            },
            "keyword": "Given "
          },
          {
            "result": {
              "duration": 1000000,
              "status": "skipped"
            },
            "line": 18,
            "name": "User enters false username \"TOMTOMgr\" and password \"lfape-?5\"",
            "match": {
              "arguments": [
                {
                  "val": "\"TOMTOMgr\"",
                  "offset": 27
                },
                {
                  "val": "\"lfape-?5\"",
                  "offset": 51
                }
              ],
              "location": "stepdefinitions.US01Login.user_enters_false_and(java.lang.String,java.lang.String)"
            },
            "keyword": "And "
          },
          {
            "result": {
              "duration": 1000000,
              "status": "skipped"
            },
            "line": 19,
            "name": "User clicks the log in button",
            "match": {
              "location": "stepdefinitions.US01Login.user_clicks_the_log_in_button()"
            },
            "keyword": "And "
          },
          {
            "result": {
              "duration": 1000000,
              "status": "skipped"
            },
            "line": 20,
            "name": "User can not log in and verifies the Error message is displayed",
            "match": {
              "location": "stepdefinitions.US01Login.user_can_not_log_in_and_verifies_the_Error_message_is_displayed()"
            },
            "keyword": "Then "
          }
        ],
        "tags": [
          {
            "name": "@US_01"
          },
          {
            "name": "@SmokeTest"
          },
          {
            "name": "@TC_0102"
          }
        ]
      }
    ],
    "name": "US_01 success register with valid and invalid credentials",
    "description": "",
    "id": "us-01-success-register-with-valid-and-invalid-credentials",
    "keyword": "Feature",
    "uri": "file:src/test/resources/features/US01Login.feature",
    "tags": [
      {
        "name": "@US_01",
        "type": "Tag",
        "location": {
          "line": 1,
          "column": 1
        }
      },
      {
        "name": "@SmokeTest",
        "type": "Tag",
        "location": {
          "line": 1,
          "column": 8
        }
      }
    ]
  }
]